#
# A fatal error has been detected by the Java Runtime Environment:
#
#  EXCEPTION_ACCESS_VIOLATION (0xc0000005) at pc=0x00007ffe0a7febe3, pid=10080, tid=6152
#
# JRE version: OpenJDK Runtime Environment (15.0.2+7) (build 15.0.2+7-27)
# Java VM: OpenJDK 64-Bit Server VM (15.0.2+7-27, mixed mode, tiered, compressed oops, g1 gc, windows-amd64)
# Problematic frame:
# V  [jvm.dll+0x2febe3]
#
# No core dump will be written. Minidumps are not enabled by default on client versions of Windows
#
# If you would like to submit a bug report, please visit:
#   https://bugreport.java.com/bugreport/crash.jsp
#

---------------  S U M M A R Y ------------

Command Line: -XX:+ShowCodeDetailsInExceptionMessages -agentlib:jdwp=transport=dt_socket,suspend=y,address=localhost:50330 -Dcom.sun.management.jmxremote -Dcom.sun.management.jmxremote.port=50329 -Dcom.sun.management.jmxremote.authenticate=false -Dcom.sun.management.jmxremote.ssl=false -Djava.rmi.server.hostname=localhost -Dspring.jmx.enabled=true -Dspring.application.admin.enabled=true -XX:TieredStopAtLevel=1 -Dspring.boot.project.name=OlvaEser -javaagent:E:\new_programa\sts-4.10.0.RELEASE\configuration\org.eclipse.osgi\254\0\.cp\lib\javaagent-shaded.jar -Dfile.encoding=UTF-8 com.olva.eser.OlvaEserApplication --spring.output.ansi.enabled=always

Host: AMD A9-9420 RADEON R5, 5 COMPUTE CORES 2C+3G   , 2 cores, 7G,  Windows 10 , 64 bit Build 19041 (10.0.19041.928)
Time: Tue May 18 11:41:33 2021 Hora est. Pacífico, Sudamérica elapsed time: 388.448474 seconds (0d 0h 6m 28s)

---------------  T H R E A D  ---------------

Current thread (0x000001f82f8ca810):  JavaThread "JDWP Transport Listener: dt_socket" daemon [_thread_in_vm, id=6152, stack(0x00000005b2600000,0x00000005b2700000)] _threads_hazard_ptr=0x000001f833db0710

Stack: [0x00000005b2600000,0x00000005b2700000],  sp=0x00000005b26fead0,  free space=1018k
Native frames: (J=compiled Java code, j=interpreted, Vv=VM code, C=native code)
V  [jvm.dll+0x2febe3]
V  [jvm.dll+0x302a22]
V  [jvm.dll+0x302e3f]
V  [jvm.dll+0x2ff016]
V  [jvm.dll+0x619ec0]
V  [jvm.dll+0x619ba3]
V  [jvm.dll+0x5df278]
V  [jvm.dll+0x77876f]
V  [jvm.dll+0x4f02e1]
V  [jvm.dll+0x7882b5]
V  [jvm.dll+0x4d40ea]
V  [jvm.dll+0x49526b]
C  [jdwp.dll+0x796b]


siginfo: EXCEPTION_ACCESS_VIOLATION (0xc0000005), reading address 0xffffffffffffffff


Register to memory mapping:

RIP=0x00007ffe0a7febe3 jvm.dll
RAX=0x000001f8300772f0 points into unknown readable memory: 0x0800100000000001 | 01 00 00 00 00 10 00 08
RBX=0x00000005b26feca0 is pointing into the stack for thread: 0x000001f82f8ca810
RCX=0x00000005b26fed10 is pointing into the stack for thread: 0x000001f82f8ca810
RDX=0xffffffffffffcb2d is an unknown value
RSP=0x00000005b26fead0 is pointing into the stack for thread: 0x000001f82f8ca810
RBP=0x00007ffe0a7febc0 jvm.dll
RSI=0x0 is NULL
RDI=0x00000005b26feca0 is pointing into the stack for thread: 0x000001f82f8ca810
R8 =0x03ffffffffffff2c is an unknown value
R9 =0x000000000000002d is an unknown value
R10=0x00007ffe0a500000 jvm.dll
R11=0x0 is NULL
R12=0x00000000000083b0 is an unknown value
R13=0x0000000000000001 is an unknown value
R14=0x000000000000008b is an unknown value
R15=0x000001f835d99aa8 is pointing into metadata


Registers:
RAX=0x000001f8300772f0, RBX=0x00000005b26feca0, RCX=0x00000005b26fed10, RDX=0xffffffffffffcb2d
RSP=0x00000005b26fead0, RBP=0x00007ffe0a7febc0, RSI=0x0000000000000000, RDI=0x00000005b26feca0
R8 =0x03ffffffffffff2c, R9 =0x000000000000002d, R10=0x00007ffe0a500000, R11=0x0000000000000000
R12=0x00000000000083b0, R13=0x0000000000000001, R14=0x000000000000008b, R15=0x000001f835d99aa8
RIP=0x00007ffe0a7febe3, EFLAGS=0x0000000000010213

Top of Stack: (sp=0x00000005b26fead0)
0x00000005b26fead0:   00000000000000ae 00007ffe0aba76d9
0x00000005b26feae0:   000001f835d99efa 00007ffe0a814424
0x00000005b26feaf0:   00000005b26feb70 00007ffe0a802a22
0x00000005b26feb00:   00000005b26feb70 000001f82ed9ba80
0x00000005b26feb10:   00000005b26feb70 00007ffe0a6020be
0x00000005b26feb20:   000001f835d99ef8 0000000000000068
0x00000005b26feb30:   000001f835d99b6b 00000000000000c6
0x00000005b26feb40:   00000000000000c6 00007ffe0a802e3f
0x00000005b26feb50:   00000005b26feca0 00000005b26feba0
0x00000005b26feb60:   000000000000008b 00000005b26feba0
0x00000005b26feb70:   000001f835d99ef8 000001f82f8ca810
0x00000005b26feb80:   0000008e0000008b 000000c60000032e
0x00000005b26feb90:   0000032e00000000 ffffffff000000c6
0x00000005b26feba0:   0000000000000000 00000000000003d8
0x00000005b26febb0:   00000000000083b0 000001f8300772a0
0x00000005b26febc0:   000001f82f8ca810 00007ffe0a7ff016 

Instructions: (pc=0x00007ffe0a7febe3)
0x00007ffe0a7feae3:   f8 4c 63 fa 4c 8b f1 48 85 db 74 12 90 39 3b 0f
0x00007ffe0a7feaf3:   84 9b 00 00 00 48 8b 5b 10 48 85 db 75 ef 33 d2
0x00007ffe0a7feb03:   8d 4a 18 e8 a5 3c 38 00 48 8b d8 48 85 c0 74 79
0x00007ffe0a7feb13:   33 d2 48 89 6c 24 48 49 8b 2e 48 89 74 24 50 89
0x00007ffe0a7feb23:   38 8d 4a 20 e8 84 3c 38 00 33 ff 48 8b f0 48 85
0x00007ffe0a7feb33:   c0 74 3f 8b 0d 8c de 6f 00 8d 57 08 89 48 04 48
0x00007ffe0a7feb43:   8b c8 89 38 c7 40 10 08 00 00 00 48 89 78 08 e8
0x00007ffe0a7feb53:   e9 51 01 00 48 89 46 18 39 7e 04 7e 18 48 8b 46
0x00007ffe0a7feb63:   18 33 d2 8b cf ff c7 48 89 14 c8 3b 7e 04 7c ed
0x00007ffe0a7feb73:   eb 03 48 8b f7 48 89 73 08 48 8b 74 24 50 48 89
0x00007ffe0a7feb83:   6b 10 48 8b 6c 24 48 eb 04 33 ff 8b df 49 89 1e
0x00007ffe0a7feb93:   48 8b 4b 08 48 8d 54 24 40 4c 89 7c 24 40 e8 da
0x00007ffe0a7feba3:   47 da ff 48 8b 5c 24 58 48 83 c4 20 41 5f 41 5e
0x00007ffe0a7febb3:   5f c3 cc cc cc cc cc cc cc cc cc cc cc 40 53 48
0x00007ffe0a7febc3:   83 ec 20 48 63 d2 48 8b d9 0f b6 c2 48 83 c1 70
0x00007ffe0a7febd3:   24 3f 4c 8b c2 44 0f b6 c8 49 c1 e8 06 48 8b 01
0x00007ffe0a7febe3:   4e 8b 04 c0 4d 0f a3 c8 72 0b 41 b0 01 e8 7b 7d
0x00007ffe0a7febf3:   df ff ff 43 6c 48 83 c4 20 5b c3 cc cc 8b c2 4c
0x00007ffe0a7fec03:   8b d1 41 33 c0 a9 00 00 00 f0 0f 84 ca 00 00 00
0x00007ffe0a7fec13:   44 8b ca 8b c2 41 c1 e9 1d b9 72 00 00 00 41 80
0x00007ffe0a7fec23:   e1 01 c1 e8 1e 44 8d 59 ae a8 01 74 1a 45 84 c9
0x00007ffe0a7fec33:   75 0d c1 ea 1c f6 c2 01 75 05 44 8b c9 eb 35 41
0x00007ffe0a7fec43:   b9 23 00 00 00 eb 2d 45 84 c9 74 08 41 b9 76 00
0x00007ffe0a7fec53:   00 00 eb 20 8b c2 c1 e8 1c a8 01 74 08 41 b9 70
0x00007ffe0a7fec63:   00 00 00 eb 0f c1 ea 1f 41 b9 40 00 00 00 84 d2
0x00007ffe0a7fec73:   45 0f 45 cb 41 8b d0 41 8b c0 c1 ea 1d 80 e2 01
0x00007ffe0a7fec83:   c1 e8 1e a8 01 74 15 84 d2 75 0a 41 c1 e8 1c 41
0x00007ffe0a7fec93:   f6 c0 01 74 33 b9 23 00 00 00 eb 2c 84 d2 74 07
0x00007ffe0a7feca3:   b9 76 00 00 00 eb 21 41 8b c0 c1 e8 1c a8 01 74
0x00007ffe0a7fecb3:   07 b9 70 00 00 00 eb 10 41 c1 e8 1f b9 40 00 00
0x00007ffe0a7fecc3:   00 45 84 c0 41 0f 45 cb 44 8b c1 48 8d 15 83 03
0x00007ffe0a7fecd3:   59 00 49 8b ca e9 b3 56 00 00 c3 cc cc 40 53 48 


Stack slot to memory mapping:
stack at sp + 0 slots: 0x00000000000000ae is an unknown value
stack at sp + 1 slots: 0x00007ffe0aba76d9 jvm.dll
stack at sp + 2 slots: 0x000001f835d99efa is pointing into metadata
stack at sp + 3 slots: 0x00007ffe0a814424 jvm.dll
stack at sp + 4 slots: 0x00000005b26feb70 is pointing into the stack for thread: 0x000001f82f8ca810
stack at sp + 5 slots: 0x00007ffe0a802a22 jvm.dll
stack at sp + 6 slots: 0x00000005b26feb70 is pointing into the stack for thread: 0x000001f82f8ca810
stack at sp + 7 slots: 0x000001f82ed9ba80 points into unknown readable memory: 0x0000000000000000 | 00 00 00 00 00 00 00 00


---------------  P R O C E S S  ---------------

Threads class SMR info:
_java_thread_list=0x000001f833db0710, length=53, elements={
0x000001f82ed8f140, 0x000001f82ed92a20, 0x000001f82f6f22b0, 0x000001f82f6f4b80,
0x000001f82f6f5440, 0x000001f82f6f5d00, 0x000001f82ed9e350, 0x000001f82f7fffb0,
0x000001f82f8ca810, 0x000001f82f8d4460, 0x000001f82f8d7100, 0x000001f8300d06c0,
0x000001f8302bc640, 0x000001f8302ad0f0, 0x000001f8302ae900, 0x000001f83060eac0,
0x000001f830dc8920, 0x000001f830dde200, 0x000001f8310de070, 0x000001f8310de540,
0x000001f8310e0220, 0x000001f8310e06f0, 0x000001f8310e0bc0, 0x000001f8310e1090,
0x000001f8310dfd50, 0x000001f8310dea10, 0x000001f83373d680, 0x000001f83373c340,
0x000001f83373c810, 0x000001f8337431f0, 0x000001f833740b70, 0x000001f83373fd00,
0x000001f83373cce0, 0x000001f833741040, 0x000001f8337406a0, 0x000001f8337436c0,
0x000001f83373be70, 0x000001f83373e4f0, 0x000001f83373db50, 0x000001f833741510,
0x000001f8337419e0, 0x000001f83373e020, 0x000001f83373d1b0, 0x000001f83373f830,
0x000001f833741eb0, 0x000001f833742380, 0x000001f833742850, 0x000001f833e0b530,
0x000001f833e0f3c0, 0x000001f833e0fd60, 0x000001f833e0f890, 0x000001f833e0ba00,
0x000001f833e0bed0
}

Java Threads: ( => current thread )
  0x000001f82ed8f140 JavaThread "Reference Handler" daemon [_thread_blocked, id=1568, stack(0x00000005b1e00000,0x00000005b1f00000)]
  0x000001f82ed92a20 JavaThread "Finalizer" daemon [_thread_blocked, id=9712, stack(0x00000005b1f00000,0x00000005b2000000)]
  0x000001f82f6f22b0 JavaThread "Signal Dispatcher" daemon [_thread_blocked, id=11052, stack(0x00000005b2000000,0x00000005b2100000)]
  0x000001f82f6f4b80 JavaThread "Attach Listener" daemon [_thread_blocked, id=10184, stack(0x00000005b2100000,0x00000005b2200000)]
  0x000001f82f6f5440 JavaThread "Service Thread" daemon [_thread_blocked, id=2348, stack(0x00000005b2200000,0x00000005b2300000)]
  0x000001f82f6f5d00 JavaThread "C1 CompilerThread0" daemon [_thread_blocked, id=384, stack(0x00000005b2300000,0x00000005b2400000)]
  0x000001f82ed9e350 JavaThread "Sweeper thread" daemon [_thread_blocked, id=452, stack(0x00000005b2400000,0x00000005b2500000)]
  0x000001f82f7fffb0 JavaThread "Common-Cleaner" daemon [_thread_blocked, id=1624, stack(0x00000005b2500000,0x00000005b2600000)]
=>0x000001f82f8ca810 JavaThread "JDWP Transport Listener: dt_socket" daemon [_thread_in_vm, id=6152, stack(0x00000005b2600000,0x00000005b2700000)]
  0x000001f82f8d4460 JavaThread "JDWP Event Helper Thread" daemon [_thread_blocked, id=5560, stack(0x00000005b2700000,0x00000005b2800000)]
  0x000001f82f8d7100 JavaThread "JDWP Command Reader" daemon [_thread_in_native, id=3524, stack(0x00000005b2800000,0x00000005b2900000)]
  0x000001f8300d06c0 JavaThread "Notification Thread" daemon [_thread_blocked, id=2176, stack(0x00000005b2a00000,0x00000005b2b00000)]
  0x000001f8302bc640 JavaThread "RMI TCP Accept-0" daemon [_thread_in_native, id=9884, stack(0x00000005b2b00000,0x00000005b2c00000)]
  0x000001f8302ad0f0 JavaThread "RMI TCP Accept-50329" daemon [_thread_in_native, id=10312, stack(0x00000005b2c00000,0x00000005b2d00000)]
  0x000001f8302ae900 JavaThread "RMI TCP Accept-0" daemon [_thread_in_native, id=8292, stack(0x00000005b2d00000,0x00000005b2e00000)]
  0x000001f83060eac0 JavaThread "RMI Scheduler(0)" daemon [_thread_blocked, id=10780, stack(0x00000005b3000000,0x00000005b3100000)]
  0x000001f830dc8920 JavaThread "RMI TCP Connection(idle)" daemon [_thread_blocked, id=5216, stack(0x00000005b3100000,0x00000005b3200000)]
  0x000001f830dde200 JavaThread "JMX server connection timeout 22" daemon [_thread_blocked, id=2828, stack(0x00000005b3200000,0x00000005b3300000)]
  0x000001f8310de070 JavaThread "Catalina-utility-1" [_thread_blocked, id=10120, stack(0x00000005b3500000,0x00000005b3600000)]
  0x000001f8310de540 JavaThread "Catalina-utility-2" [_thread_blocked, id=6724, stack(0x00000005b3600000,0x00000005b3700000)]
  0x000001f8310e0220 JavaThread "container-0" [_thread_blocked, id=10008, stack(0x00000005b3700000,0x00000005b3800000)]
  0x000001f8310e06f0 JavaThread "mysql-cj-abandoned-connection-cleanup" daemon [_thread_blocked, id=8724, stack(0x00000005b3800000,0x00000005b3900000)]
  0x000001f8310e0bc0 JavaThread "Timer-0" daemon [_thread_blocked, id=32, stack(0x00000005b3900000,0x00000005b3a00000)]
  0x000001f8310e1090 JavaThread "oracle.jdbc.driver.BlockSource.ThreadedCachingBlockSource.BlockReleaser" daemon [_thread_blocked, id=8448, stack(0x00000005b3a00000,0x00000005b3b00000)]
  0x000001f8310dfd50 JavaThread "InterruptTimer" daemon [_thread_blocked, id=1556, stack(0x00000005b3b00000,0x00000005b3c00000)]
  0x000001f8310dea10 JavaThread "HikariPool-1 housekeeper" daemon [_thread_blocked, id=5908, stack(0x00000005b3c00000,0x00000005b3d00000)]
  0x000001f83373d680 JavaThread "scheduler_Worker-1" [_thread_blocked, id=10380, stack(0x00000005b3e00000,0x00000005b3f00000)]
  0x000001f83373c340 JavaThread "scheduler_Worker-2" [_thread_blocked, id=1096, stack(0x00000005b3f00000,0x00000005b4000000)]
  0x000001f83373c810 JavaThread "scheduler_Worker-3" [_thread_blocked, id=7632, stack(0x00000005b4000000,0x00000005b4100000)]
  0x000001f8337431f0 JavaThread "scheduler_Worker-4" [_thread_blocked, id=5408, stack(0x00000005b4100000,0x00000005b4200000)]
  0x000001f833740b70 JavaThread "scheduler_Worker-5" [_thread_blocked, id=2884, stack(0x00000005b4200000,0x00000005b4300000)]
  0x000001f83373fd00 JavaThread "scheduler_Worker-6" [_thread_blocked, id=2868, stack(0x00000005b4300000,0x00000005b4400000)]
  0x000001f83373cce0 JavaThread "scheduler_Worker-7" [_thread_blocked, id=4876, stack(0x00000005b4400000,0x00000005b4500000)]
  0x000001f833741040 JavaThread "scheduler_Worker-8" [_thread_blocked, id=4720, stack(0x00000005b4500000,0x00000005b4600000)]
  0x000001f8337406a0 JavaThread "scheduler_Worker-9" [_thread_blocked, id=10288, stack(0x00000005b4600000,0x00000005b4700000)]
  0x000001f8337436c0 JavaThread "scheduler_Worker-10" [_thread_blocked, id=11008, stack(0x00000005b4700000,0x00000005b4800000)]
  0x000001f83373be70 JavaThread "scheduler_QuartzSchedulerThread" [_thread_blocked, id=10956, stack(0x00000005b4800000,0x00000005b4900000)]
  0x000001f83373e4f0 JavaThread "File Watcher" daemon [_thread_blocked, id=4960, stack(0x00000005b4b00000,0x00000005b4c00000)]
  0x000001f83373db50 JavaThread "Live Reload Server" daemon [_thread_in_native, id=8700, stack(0x00000005b4d00000,0x00000005b4e00000)]
  0x000001f833741510 JavaThread "http-nio-8081-BlockPoller" daemon [_thread_in_native, id=5200, stack(0x00000005b4c00000,0x00000005b4d00000)]
  0x000001f8337419e0 JavaThread "http-nio-8081-exec-1" daemon [_thread_blocked, id=7076, stack(0x00000005b4e00000,0x00000005b4f00000)]
  0x000001f83373e020 JavaThread "http-nio-8081-exec-2" daemon [_thread_blocked, id=10400, stack(0x00000005b4f00000,0x00000005b5000000)]
  0x000001f83373d1b0 JavaThread "http-nio-8081-exec-3" daemon [_thread_blocked, id=4988, stack(0x00000005b5000000,0x00000005b5100000)]
  0x000001f83373f830 JavaThread "http-nio-8081-exec-4" daemon [_thread_blocked, id=7336, stack(0x00000005b5100000,0x00000005b5200000)]
  0x000001f833741eb0 JavaThread "http-nio-8081-exec-5" daemon [_thread_blocked, id=10852, stack(0x00000005b5200000,0x00000005b5300000)]
  0x000001f833742380 JavaThread "http-nio-8081-exec-6" daemon [_thread_blocked, id=11056, stack(0x00000005b5300000,0x00000005b5400000)]
  0x000001f833742850 JavaThread "http-nio-8081-exec-7" daemon [_thread_blocked, id=9640, stack(0x00000005b5400000,0x00000005b5500000)]
  0x000001f833e0b530 JavaThread "http-nio-8081-exec-8" daemon [_thread_blocked, id=7064, stack(0x00000005b5500000,0x00000005b5600000)]
  0x000001f833e0f3c0 JavaThread "http-nio-8081-exec-9" daemon [_thread_blocked, id=8716, stack(0x00000005b5600000,0x00000005b5700000)]
  0x000001f833e0fd60 JavaThread "http-nio-8081-exec-10" daemon [_thread_blocked, id=10368, stack(0x00000005b5700000,0x00000005b5800000)]
  0x000001f833e0f890 JavaThread "http-nio-8081-ClientPoller" daemon [_thread_in_native, id=10636, stack(0x00000005b5800000,0x00000005b5900000)]
  0x000001f833e0ba00 JavaThread "http-nio-8081-Acceptor" daemon [_thread_in_native, id=1888, stack(0x00000005b5900000,0x00000005b5a00000)]
  0x000001f833e0bed0 JavaThread "DestroyJavaVM" [_thread_blocked, id=2988, stack(0x00000005b1700000,0x00000005b1800000)]

Other Threads:
  0x000001f82ed22280 VMThread "VM Thread" [stack: 0x00000005b1d00000,0x00000005b1e00000] [id=10332]
  0x000001f8302b62b0 WatcherThread [stack: 0x00000005b2e00000,0x00000005b2f00000] [id=10600]
  0x000001f815d0ab70 GCTaskThread "GC Thread#0" [stack: 0x00000005b1800000,0x00000005b1900000] [id=9672]
  0x000001f82ff77d40 GCTaskThread "GC Thread#1" [stack: 0x00000005b2900000,0x00000005b2a00000] [id=212]
  0x000001f815d1b960 ConcurrentGCThread "G1 Main Marker" [stack: 0x00000005b1900000,0x00000005b1a00000] [id=5752]
  0x000001f815d1cd40 ConcurrentGCThread "G1 Conc#0" [stack: 0x00000005b1a00000,0x00000005b1b00000] [id=8884]
  0x000001f815d7a7e0 ConcurrentGCThread "G1 Refine#0" [stack: 0x00000005b1b00000,0x00000005b1c00000] [id=10020]
  0x000001f815d7ba90 ConcurrentGCThread "G1 Young RemSet Sampling" [stack: 0x00000005b1c00000,0x00000005b1d00000] [id=10952]

Threads with active compile tasks:

VM state: not at safepoint (normal execution)

VM Mutex/Monitor currently owned by a thread: None

Heap address: 0x0000000089c00000, size: 1892 MB, Compressed Oops mode: 32-bit
CDS disabled.
Compressed class space mapped at: 0x0000000100000000-0x0000000140000000, size: 1073741824
Narrow klass base: 0x0000000000000000, Narrow klass shift: 3, Narrow klass range: 0x140000000

GC Precious Log:
 CPUs: 2 total, 2 available
 Memory: 7567M
 Large Page Support: Disabled
 NUMA Support: Disabled
 Compressed Oops: Enabled (32-bit)
 Heap Region Size: 1M
 Heap Min Capacity: 8M
 Heap Initial Capacity: 120M
 Heap Max Capacity: 1892M
 Pre-touch: Disabled
 Parallel Workers: 2
 Concurrent Workers: 1
 Concurrent Refinement Workers: 2
 Periodic GC: Disabled

Heap:
 garbage-first heap   total 96256K, used 47008K [0x0000000089c00000, 0x0000000100000000)
  region size 1024K, 21 young (21504K), 4 survivors (4096K)
 Metaspace       used 71942K, capacity 72665K, committed 72860K, reserved 1112064K
  class space    used 9149K, capacity 9422K, committed 9452K, reserved 1048576K

Heap Regions: E=young(eden), S=young(survivor), O=old, HS=humongous(starts), HC=humongous(continues), CS=collection set, F=free, OA=open archive, CA=closed archive, TAMS=top-at-mark-start (previous, next)
|   0|0x0000000089c00000, 0x0000000089d00000, 0x0000000089d00000|100%|HS|  |TAMS 0x0000000089d00000, 0x0000000089c00000| Complete 
|   1|0x0000000089d00000, 0x0000000089e00000, 0x0000000089e00000|100%| O|  |TAMS 0x0000000089e00000, 0x0000000089d00000| Untracked 
|   2|0x0000000089e00000, 0x0000000089f00000, 0x0000000089f00000|100%| O|  |TAMS 0x0000000089f00000, 0x0000000089e00000| Untracked 
|   3|0x0000000089f00000, 0x000000008a000000, 0x000000008a000000|100%| O|  |TAMS 0x000000008a000000, 0x0000000089f00000| Untracked 
|   4|0x000000008a000000, 0x000000008a100000, 0x000000008a100000|100%| O|  |TAMS 0x000000008a100000, 0x000000008a000000| Untracked 
|   5|0x000000008a100000, 0x000000008a200000, 0x000000008a200000|100%| O|  |TAMS 0x000000008a200000, 0x000000008a100000| Untracked 
|   6|0x000000008a200000, 0x000000008a278600, 0x000000008a300000| 47%| O|  |TAMS 0x000000008a278600, 0x000000008a200000| Untracked 
|   7|0x000000008a300000, 0x000000008a400000, 0x000000008a400000|100%| O|  |TAMS 0x000000008a400000, 0x000000008a300000| Untracked 
|   8|0x000000008a400000, 0x000000008a500000, 0x000000008a500000|100%| O|  |TAMS 0x000000008a500000, 0x000000008a400000| Untracked 
|   9|0x000000008a500000, 0x000000008a600000, 0x000000008a600000|100%| O|  |TAMS 0x000000008a600000, 0x000000008a500000| Untracked 
|  10|0x000000008a600000, 0x000000008a700000, 0x000000008a700000|100%| O|  |TAMS 0x000000008a700000, 0x000000008a600000| Untracked 
|  11|0x000000008a700000, 0x000000008a800000, 0x000000008a800000|100%| O|  |TAMS 0x000000008a800000, 0x000000008a700000| Untracked 
|  12|0x000000008a800000, 0x000000008a900000, 0x000000008a900000|100%| O|  |TAMS 0x000000008a900000, 0x000000008a800000| Untracked 
|  13|0x000000008a900000, 0x000000008aa00000, 0x000000008aa00000|100%| O|  |TAMS 0x000000008aa00000, 0x000000008a900000| Untracked 
|  14|0x000000008aa00000, 0x000000008ab00000, 0x000000008ab00000|100%| O|  |TAMS 0x000000008ab00000, 0x000000008aa00000| Untracked 
|  15|0x000000008ab00000, 0x000000008ac00000, 0x000000008ac00000|100%| O|  |TAMS 0x000000008ac00000, 0x000000008ab00000| Untracked 
|  16|0x000000008ac00000, 0x000000008ad00000, 0x000000008ad00000|100%| O|  |TAMS 0x000000008ad00000, 0x000000008ac00000| Untracked 
|  17|0x000000008ad00000, 0x000000008ae00000, 0x000000008ae00000|100%| O|  |TAMS 0x000000008ae00000, 0x000000008ad00000| Untracked 
|  18|0x000000008ae00000, 0x000000008af00000, 0x000000008af00000|100%| O|  |TAMS 0x000000008af00000, 0x000000008ae00000| Untracked 
|  19|0x000000008af00000, 0x000000008b000000, 0x000000008b000000|100%| O|  |TAMS 0x000000008afc7200, 0x000000008af00000| Untracked 
|  20|0x000000008b000000, 0x000000008b100000, 0x000000008b100000|100%| O|  |TAMS 0x000000008b000000, 0x000000008b000000| Untracked 
|  21|0x000000008b100000, 0x000000008b200000, 0x000000008b200000|100%| O|  |TAMS 0x000000008b100000, 0x000000008b100000| Untracked 
|  22|0x000000008b200000, 0x000000008b300000, 0x000000008b300000|100%| O|  |TAMS 0x000000008b200000, 0x000000008b200000| Untracked 
|  23|0x000000008b300000, 0x000000008b400000, 0x000000008b400000|100%| O|  |TAMS 0x000000008b300000, 0x000000008b300000| Untracked 
|  24|0x000000008b400000, 0x000000008b500000, 0x000000008b500000|100%| O|  |TAMS 0x000000008b400000, 0x000000008b400000| Untracked 
|  25|0x000000008b500000, 0x000000008b600000, 0x000000008b600000|100%| O|  |TAMS 0x000000008b500000, 0x000000008b500000| Untracked 
|  26|0x000000008b600000, 0x000000008b66fc00, 0x000000008b700000| 43%| O|  |TAMS 0x000000008b600000, 0x000000008b600000| Untracked 
|  27|0x000000008b700000, 0x000000008b700000, 0x000000008b800000|  0%| F|  |TAMS 0x000000008b700000, 0x000000008b700000| Untracked 
|  28|0x000000008b800000, 0x000000008b800000, 0x000000008b900000|  0%| F|  |TAMS 0x000000008b800000, 0x000000008b800000| Untracked 
|  29|0x000000008b900000, 0x000000008b900000, 0x000000008ba00000|  0%| F|  |TAMS 0x000000008b900000, 0x000000008b900000| Untracked 
|  30|0x000000008ba00000, 0x000000008ba00000, 0x000000008bb00000|  0%| F|  |TAMS 0x000000008ba00000, 0x000000008ba00000| Untracked 
|  31|0x000000008bb00000, 0x000000008bb00000, 0x000000008bc00000|  0%| F|  |TAMS 0x000000008bb00000, 0x000000008bb00000| Untracked 
|  32|0x000000008bc00000, 0x000000008bc00000, 0x000000008bd00000|  0%| F|  |TAMS 0x000000008bc00000, 0x000000008bc00000| Untracked 
|  33|0x000000008bd00000, 0x000000008bd00000, 0x000000008be00000|  0%| F|  |TAMS 0x000000008bd00000, 0x000000008bd00000| Untracked 
|  34|0x000000008be00000, 0x000000008be00000, 0x000000008bf00000|  0%| F|  |TAMS 0x000000008be00000, 0x000000008be00000| Untracked 
|  35|0x000000008bf00000, 0x000000008bf00000, 0x000000008c000000|  0%| F|  |TAMS 0x000000008bf00000, 0x000000008bf00000| Untracked 
|  36|0x000000008c000000, 0x000000008c000000, 0x000000008c100000|  0%| F|  |TAMS 0x000000008c000000, 0x000000008c000000| Untracked 
|  37|0x000000008c100000, 0x000000008c100000, 0x000000008c200000|  0%| F|  |TAMS 0x000000008c100000, 0x000000008c100000| Untracked 
|  38|0x000000008c200000, 0x000000008c300000, 0x000000008c300000|100%| S|CS|TAMS 0x000000008c200000, 0x000000008c200000| Complete 
|  39|0x000000008c300000, 0x000000008c300000, 0x000000008c400000|  0%| F|  |TAMS 0x000000008c300000, 0x000000008c300000| Untracked 
|  40|0x000000008c400000, 0x000000008c400000, 0x000000008c500000|  0%| F|  |TAMS 0x000000008c400000, 0x000000008c400000| Untracked 
|  41|0x000000008c500000, 0x000000008c500000, 0x000000008c600000|  0%| F|  |TAMS 0x000000008c500000, 0x000000008c500000| Untracked 
|  42|0x000000008c600000, 0x000000008c600000, 0x000000008c700000|  0%| F|  |TAMS 0x000000008c600000, 0x000000008c600000| Untracked 
|  43|0x000000008c700000, 0x000000008c700000, 0x000000008c800000|  0%| F|  |TAMS 0x000000008c700000, 0x000000008c700000| Untracked 
|  44|0x000000008c800000, 0x000000008c900000, 0x000000008c900000|100%| S|CS|TAMS 0x000000008c800000, 0x000000008c800000| Complete 
|  45|0x000000008c900000, 0x000000008ca00000, 0x000000008ca00000|100%| S|CS|TAMS 0x000000008c900000, 0x000000008c900000| Complete 
|  46|0x000000008ca00000, 0x000000008cb00000, 0x000000008cb00000|100%| S|CS|TAMS 0x000000008ca00000, 0x000000008ca00000| Complete 
|  47|0x000000008cb00000, 0x000000008cb00000, 0x000000008cc00000|  0%| F|  |TAMS 0x000000008cb00000, 0x000000008cb00000| Untracked 
|  48|0x000000008cc00000, 0x000000008cc00000, 0x000000008cd00000|  0%| F|  |TAMS 0x000000008cc00000, 0x000000008cc00000| Untracked 
|  49|0x000000008cd00000, 0x000000008cd00000, 0x000000008ce00000|  0%| F|  |TAMS 0x000000008cd00000, 0x000000008cd00000| Untracked 
|  50|0x000000008ce00000, 0x000000008ce00000, 0x000000008cf00000|  0%| F|  |TAMS 0x000000008ce00000, 0x000000008ce00000| Untracked 
|  51|0x000000008cf00000, 0x000000008cf00000, 0x000000008d000000|  0%| F|  |TAMS 0x000000008cf00000, 0x000000008cf00000| Untracked 
|  52|0x000000008d000000, 0x000000008d000000, 0x000000008d100000|  0%| F|  |TAMS 0x000000008d000000, 0x000000008d000000| Untracked 
|  53|0x000000008d100000, 0x000000008d100000, 0x000000008d200000|  0%| F|  |TAMS 0x000000008d100000, 0x000000008d100000| Untracked 
|  54|0x000000008d200000, 0x000000008d200000, 0x000000008d300000|  0%| F|  |TAMS 0x000000008d200000, 0x000000008d200000| Untracked 
|  55|0x000000008d300000, 0x000000008d300000, 0x000000008d400000|  0%| F|  |TAMS 0x000000008d300000, 0x000000008d300000| Untracked 
|  56|0x000000008d400000, 0x000000008d400000, 0x000000008d500000|  0%| F|  |TAMS 0x000000008d400000, 0x000000008d400000| Untracked 
|  57|0x000000008d500000, 0x000000008d500000, 0x000000008d600000|  0%| F|  |TAMS 0x000000008d500000, 0x000000008d500000| Untracked 
|  58|0x000000008d600000, 0x000000008d600000, 0x000000008d700000|  0%| F|  |TAMS 0x000000008d600000, 0x000000008d600000| Untracked 
|  59|0x000000008d700000, 0x000000008d700000, 0x000000008d800000|  0%| F|  |TAMS 0x000000008d700000, 0x000000008d700000| Untracked 
|  60|0x000000008d800000, 0x000000008d800000, 0x000000008d900000|  0%| F|  |TAMS 0x000000008d800000, 0x000000008d800000| Untracked 
|  61|0x000000008d900000, 0x000000008d900000, 0x000000008da00000|  0%| F|  |TAMS 0x000000008d900000, 0x000000008d900000| Untracked 
|  62|0x000000008da00000, 0x000000008da00000, 0x000000008db00000|  0%| F|  |TAMS 0x000000008da00000, 0x000000008da00000| Untracked 
|  63|0x000000008db00000, 0x000000008db00000, 0x000000008dc00000|  0%| F|  |TAMS 0x000000008db00000, 0x000000008db00000| Untracked 
|  64|0x000000008dc00000, 0x000000008dc00000, 0x000000008dd00000|  0%| F|  |TAMS 0x000000008dc00000, 0x000000008dc00000| Untracked 
|  65|0x000000008dd00000, 0x000000008dd00000, 0x000000008de00000|  0%| F|  |TAMS 0x000000008dd00000, 0x000000008dd00000| Untracked 
|  66|0x000000008de00000, 0x000000008de00000, 0x000000008df00000|  0%| F|  |TAMS 0x000000008de00000, 0x000000008de00000| Untracked 
|  67|0x000000008df00000, 0x000000008df00000, 0x000000008e000000|  0%| F|  |TAMS 0x000000008df00000, 0x000000008df00000| Untracked 
|  68|0x000000008e000000, 0x000000008e000000, 0x000000008e100000|  0%| F|  |TAMS 0x000000008e000000, 0x000000008e000000| Untracked 
|  69|0x000000008e100000, 0x000000008e100000, 0x000000008e200000|  0%| F|  |TAMS 0x000000008e100000, 0x000000008e100000| Untracked 
|  70|0x000000008e200000, 0x000000008e200000, 0x000000008e300000|  0%| F|  |TAMS 0x000000008e200000, 0x000000008e200000| Untracked 
|  71|0x000000008e300000, 0x000000008e300000, 0x000000008e400000|  0%| F|  |TAMS 0x000000008e300000, 0x000000008e300000| Untracked 
|  72|0x000000008e400000, 0x000000008e400000, 0x000000008e500000|  0%| F|  |TAMS 0x000000008e400000, 0x000000008e400000| Untracked 
|  73|0x000000008e500000, 0x000000008e500000, 0x000000008e600000|  0%| F|  |TAMS 0x000000008e500000, 0x000000008e500000| Untracked 
|  74|0x000000008e600000, 0x000000008e600000, 0x000000008e700000|  0%| F|  |TAMS 0x000000008e600000, 0x000000008e600000| Untracked 
|  75|0x000000008e700000, 0x000000008e700000, 0x000000008e800000|  0%| F|  |TAMS 0x000000008e700000, 0x000000008e700000| Untracked 
|  76|0x000000008e800000, 0x000000008e800000, 0x000000008e900000|  0%| F|  |TAMS 0x000000008e800000, 0x000000008e800000| Untracked 
|  77|0x000000008e900000, 0x000000008e930370, 0x000000008ea00000| 18%| E|  |TAMS 0x000000008e900000, 0x000000008e900000| Complete 
|  78|0x000000008ea00000, 0x000000008eb00000, 0x000000008eb00000|100%| E|CS|TAMS 0x000000008ea00000, 0x000000008ea00000| Complete 
|  79|0x000000008eb00000, 0x000000008ec00000, 0x000000008ec00000|100%| E|CS|TAMS 0x000000008eb00000, 0x000000008eb00000| Complete 
|  80|0x000000008ec00000, 0x000000008ed00000, 0x000000008ed00000|100%| E|CS|TAMS 0x000000008ec00000, 0x000000008ec00000| Complete 
|  81|0x000000008ed00000, 0x000000008ee00000, 0x000000008ee00000|100%| E|CS|TAMS 0x000000008ed00000, 0x000000008ed00000| Complete 
|  82|0x000000008ee00000, 0x000000008ef00000, 0x000000008ef00000|100%| E|CS|TAMS 0x000000008ee00000, 0x000000008ee00000| Complete 
|  83|0x000000008ef00000, 0x000000008f000000, 0x000000008f000000|100%| E|CS|TAMS 0x000000008ef00000, 0x000000008ef00000| Complete 
|  84|0x000000008f000000, 0x000000008f100000, 0x000000008f100000|100%| E|CS|TAMS 0x000000008f000000, 0x000000008f000000| Complete 
|  85|0x000000008f100000, 0x000000008f200000, 0x000000008f200000|100%| E|CS|TAMS 0x000000008f100000, 0x000000008f100000| Complete 
|  86|0x000000008f200000, 0x000000008f300000, 0x000000008f300000|100%| E|CS|TAMS 0x000000008f200000, 0x000000008f200000| Complete 
|  87|0x000000008f300000, 0x000000008f400000, 0x000000008f400000|100%| E|CS|TAMS 0x000000008f300000, 0x000000008f300000| Complete 
|  88|0x000000008f400000, 0x000000008f500000, 0x000000008f500000|100%| E|CS|TAMS 0x000000008f400000, 0x000000008f400000| Complete 
|  89|0x000000008f500000, 0x000000008f600000, 0x000000008f600000|100%| E|CS|TAMS 0x000000008f500000, 0x000000008f500000| Complete 
|  90|0x000000008f600000, 0x000000008f700000, 0x000000008f700000|100%| E|CS|TAMS 0x000000008f600000, 0x000000008f600000| Complete 
|  91|0x000000008f700000, 0x000000008f800000, 0x000000008f800000|100%| E|CS|TAMS 0x000000008f700000, 0x000000008f700000| Complete 
|  92|0x000000008f800000, 0x000000008f900000, 0x000000008f900000|100%| E|CS|TAMS 0x000000008f800000, 0x000000008f800000| Complete 
| 143|0x0000000092b00000, 0x0000000092c00000, 0x0000000092c00000|100%| E|CS|TAMS 0x0000000092b00000, 0x0000000092b00000| Complete 

Card table byte_map: [0x000001f8286e0000,0x000001f828aa0000] _byte_map_base: 0x000001f828292000

Marking Bits (Prev, Next): (CMBitMap*) 0x000001f815d0b330, (CMBitMap*) 0x000001f815d0b2f0
 Prev Bits: [0x000001f82abf0000, 0x000001f82c980000)
 Next Bits: [0x000001f828e60000, 0x000001f82abf0000)

Polling page: 0x000001f813bd0000

Metaspace:

Usage:
  Non-class:     61.76 MB capacity,    61.32 MB (>99%) used,   349.42 KB ( <1%) free+waste,    99.94 KB ( <1%) overhead. 
      Class:      9.20 MB capacity,     8.94 MB ( 97%) used,   232.73 KB (  2%) free+waste,    38.81 KB ( <1%) overhead. 
       Both:     70.96 MB capacity,    70.26 MB (>99%) used,   582.16 KB ( <1%) free+waste,   138.75 KB ( <1%) overhead. 

Virtual space:
  Non-class space:       62.00 MB reserved,      61.92 MB (>99%) committed 
      Class space:        1.00 GB reserved,       9.23 MB ( <1%) committed 
             Both:        1.06 GB reserved,      71.15 MB (  7%) committed 

Chunk freelists:
   Non-Class:  37.00 KB
       Class:  18.00 KB
        Both:  55.00 KB

MaxMetaspaceSize: 17179869184.00 GB
CompressedClassSpaceSize: 1.00 GB

CodeHeap 'non-profiled nmethods': size=239488Kb used=11439Kb max_used=11439Kb free=228048Kb
 bounds [0x000001f819d00000, 0x000001f81a830000, 0x000001f8286e0000]
CodeHeap 'non-nmethods': size=6272Kb used=1435Kb max_used=1435Kb free=4836Kb
 bounds [0x000001f8196e0000, 0x000001f819950000, 0x000001f819d00000]
 total_blobs=7646 nmethods=6997 adapters=576
 compilation: enabled
              stopped_count=0, restarted_count=0
 full_count=0

Compilation events (20 events):
Event: 297.266 Thread 0x000001f82f6f5d00 6983       1       org.springframework.boot.devtools.filewatch.DirectorySnapshot$$Lambda$1038/0x00000001008a4768::<init> (10 bytes)
Event: 297.267 Thread 0x000001f82f6f5d00 nmethod 6983 0x000001f81a827490 code [0x000001f81a827620, 0x000001f81a827718]
Event: 297.699 Thread 0x000001f82f6f5d00 6984       1       org.springframework.boot.devtools.filewatch.FileSystemWatcher$Watcher::scan (63 bytes)
Event: 297.699 Thread 0x000001f82f6f5d00 nmethod 6984 0x000001f81a827790 code [0x000001f81a827980, 0x000001f81a827b88]
Event: 298.300 Thread 0x000001f82f6f5d00 6985       1       org.springframework.boot.devtools.filewatch.FileSystemWatcher$Watcher::getCurrentSnapshots (63 bytes)
Event: 298.301 Thread 0x000001f82f6f5d00 nmethod 6985 0x000001f81a827d10 code [0x000001f81a827f20, 0x000001f81a8282b8]
Event: 300.123 Thread 0x000001f82f6f5d00 6986       1       jdk.internal.loader.URLClassPath$FileLoader$1::getURL (5 bytes)
Event: 300.123 Thread 0x000001f82f6f5d00 nmethod 6986 0x000001f81a828590 code [0x000001f81a828720, 0x000001f81a8287d8]
Event: 303.398 Thread 0x000001f82f6f5d00 6987       1       java.io.DataOutputStream::incCount (20 bytes)
Event: 303.398 Thread 0x000001f82f6f5d00 nmethod 6987 0x000001f81a828890 code [0x000001f81a828a20, 0x000001f81a828af8]
Event: 318.399 Thread 0x000001f82f6f5d00 6988       1       java.util.concurrent.SynchronousQueue$TransferStack::shouldSpin (30 bytes)
Event: 318.399 Thread 0x000001f82f6f5d00 nmethod 6988 0x000001f81a828b90 code [0x000001f81a828d20, 0x000001f81a828e38]
Event: 318.399 Thread 0x000001f82f6f5d00 6989       1       java.lang.Thread::onSpinWait (1 bytes)
Event: 318.399 Thread 0x000001f82f6f5d00 nmethod 6989 0x000001f81a828f10 code [0x000001f81a8290a0, 0x000001f81a829138]
Event: 330.928 Thread 0x000001f82f6f5d00 6990       1       java.io.ObjectStreamClass$FieldReflectorKey::equals (78 bytes)
Event: 330.928 Thread 0x000001f82f6f5d00 nmethod 6990 0x000001f81a829210 code [0x000001f81a8293c0, 0x000001f81a829628]
Event: 330.928 Thread 0x000001f82f6f5d00 6991       1       java.io.ObjectStreamClass::hasWriteObjectData (9 bytes)
Event: 330.929 Thread 0x000001f82f6f5d00 nmethod 6991 0x000001f81a829710 code [0x000001f81a8298c0, 0x000001f81a829a48]
Event: 333.757 Thread 0x000001f82f6f5d00 6992       1       java.util.HashMap$Values::toArray (16 bytes)
Event: 333.757 Thread 0x000001f82f6f5d00 nmethod 6992 0x000001f81a829b10 code [0x000001f81a829cc0, 0x000001f81a829dd8]

GC Heap History (20 events):
Event: 13.415 GC heap before
{Heap before GC invocations=24 (full 0):
 garbage-first heap   total 66560K, used 55054K [0x0000000089c00000, 0x0000000100000000)
  region size 1024K, 39 young (39936K), 2 survivors (2048K)
 Metaspace       used 42134K, capacity 42670K, committed 42928K, reserved 1087488K
  class space    used 5083K, capacity 5267K, committed 5376K, reserved 1048576K
}
Event: 13.428 GC heap after
{Heap after GC invocations=25 (full 0):
 garbage-first heap   total 66560K, used 18121K [0x0000000089c00000, 0x0000000100000000)
  region size 1024K, 3 young (3072K), 3 survivors (3072K)
 Metaspace       used 42134K, capacity 42670K, committed 42928K, reserved 1087488K
  class space    used 5083K, capacity 5267K, committed 5376K, reserved 1048576K
}
Event: 14.517 GC heap before
{Heap before GC invocations=25 (full 0):
 garbage-first heap   total 66560K, used 53961K [0x0000000089c00000, 0x0000000100000000)
  region size 1024K, 39 young (39936K), 3 survivors (3072K)
 Metaspace       used 46266K, capacity 46775K, committed 46896K, reserved 1089536K
  class space    used 5746K, capacity 5909K, committed 6016K, reserved 1048576K
}
Event: 14.527 GC heap after
{Heap after GC invocations=26 (full 0):
 garbage-first heap   total 66560K, used 18759K [0x0000000089c00000, 0x0000000100000000)
  region size 1024K, 3 young (3072K), 3 survivors (3072K)
 Metaspace       used 46266K, capacity 46775K, committed 46896K, reserved 1089536K
  class space    used 5746K, capacity 5909K, committed 6016K, reserved 1048576K
}
Event: 16.413 GC heap before
{Heap before GC invocations=26 (full 0):
 garbage-first heap   total 66560K, used 54599K [0x0000000089c00000, 0x0000000100000000)
  region size 1024K, 38 young (38912K), 3 survivors (3072K)
 Metaspace       used 51006K, capacity 51474K, committed 51760K, reserved 1095680K
  class space    used 6340K, capacity 6491K, committed 6528K, reserved 1048576K
}
Event: 16.430 GC heap after
{Heap after GC invocations=27 (full 0):
 garbage-first heap   total 79872K, used 19973K [0x0000000089c00000, 0x0000000100000000)
  region size 1024K, 4 young (4096K), 4 survivors (4096K)
 Metaspace       used 51006K, capacity 51474K, committed 51760K, reserved 1095680K
  class space    used 6340K, capacity 6491K, committed 6528K, reserved 1048576K
}
Event: 21.718 GC heap before
{Heap before GC invocations=27 (full 0):
 garbage-first heap   total 79872K, used 62981K [0x0000000089c00000, 0x0000000100000000)
  region size 1024K, 46 young (47104K), 4 survivors (4096K)
 Metaspace       used 55025K, capacity 55674K, committed 55984K, reserved 1097728K
  class space    used 6863K, capacity 7048K, committed 7168K, reserved 1048576K
}
Event: 21.735 GC heap after
{Heap after GC invocations=28 (full 0):
 garbage-first heap   total 79872K, used 22084K [0x0000000089c00000, 0x0000000100000000)
  region size 1024K, 6 young (6144K), 6 survivors (6144K)
 Metaspace       used 55025K, capacity 55674K, committed 55984K, reserved 1097728K
  class space    used 6863K, capacity 7048K, committed 7168K, reserved 1048576K
}
Event: 23.468 GC heap before
{Heap before GC invocations=28 (full 0):
 garbage-first heap   total 79872K, used 62020K [0x0000000089c00000, 0x0000000100000000)
  region size 1024K, 46 young (47104K), 6 survivors (6144K)
 Metaspace       used 58736K, capacity 59381K, committed 59568K, reserved 1101824K
  class space    used 7461K, capacity 7662K, committed 7680K, reserved 1048576K
}
Event: 23.485 GC heap after
{Heap after GC invocations=29 (full 0):
 garbage-first heap   total 79872K, used 22683K [0x0000000089c00000, 0x0000000100000000)
  region size 1024K, 3 young (3072K), 3 survivors (3072K)
 Metaspace       used 58736K, capacity 59381K, committed 59568K, reserved 1101824K
  class space    used 7461K, capacity 7662K, committed 7680K, reserved 1048576K
}
Event: 24.563 GC heap before
{Heap before GC invocations=29 (full 0):
 garbage-first heap   total 79872K, used 59547K [0x0000000089c00000, 0x0000000100000000)
  region size 1024K, 40 young (40960K), 3 survivors (3072K)
 Metaspace       used 59611K, capacity 60179K, committed 60208K, reserved 1101824K
  class space    used 7570K, capacity 7799K, committed 7808K, reserved 1048576K
}
Event: 24.574 GC heap after
{Heap after GC invocations=30 (full 0):
 garbage-first heap   total 79872K, used 23437K [0x0000000089c00000, 0x0000000100000000)
  region size 1024K, 4 young (4096K), 4 survivors (4096K)
 Metaspace       used 59611K, capacity 60179K, committed 60208K, reserved 1101824K
  class space    used 7570K, capacity 7799K, committed 7808K, reserved 1048576K
}
Event: 26.388 GC heap before
{Heap before GC invocations=31 (full 0):
 garbage-first heap   total 79872K, used 66445K [0x0000000089c00000, 0x0000000100000000)
  region size 1024K, 46 young (47104K), 4 survivors (4096K)
 Metaspace       used 62974K, capacity 63655K, committed 63772K, reserved 1105920K
  class space    used 7973K, capacity 8197K, committed 8300K, reserved 1048576K
}
Event: 26.404 GC heap after
{Heap after GC invocations=32 (full 0):
 garbage-first heap   total 79872K, used 25159K [0x0000000089c00000, 0x0000000100000000)
  region size 1024K, 4 young (4096K), 4 survivors (4096K)
 Metaspace       used 62974K, capacity 63655K, committed 63772K, reserved 1105920K
  class space    used 7973K, capacity 8197K, committed 8300K, reserved 1048576K
}
Event: 28.173 GC heap before
{Heap before GC invocations=32 (full 0):
 garbage-first heap   total 79872K, used 66119K [0x0000000089c00000, 0x0000000100000000)
  region size 1024K, 44 young (45056K), 4 survivors (4096K)
 Metaspace       used 64615K, capacity 65311K, committed 65436K, reserved 1105920K
  class space    used 8205K, capacity 8415K, committed 8428K, reserved 1048576K
}
Event: 28.191 GC heap after
{Heap after GC invocations=33 (full 0):
 garbage-first heap   total 96256K, used 27798K [0x0000000089c00000, 0x0000000100000000)
  region size 1024K, 6 young (6144K), 6 survivors (6144K)
 Metaspace       used 64615K, capacity 65311K, committed 65436K, reserved 1105920K
  class space    used 8205K, capacity 8415K, committed 8428K, reserved 1048576K
}
Event: 30.966 GC heap before
{Heap before GC invocations=33 (full 0):
 garbage-first heap   total 96256K, used 78998K [0x0000000089c00000, 0x0000000100000000)
  region size 1024K, 56 young (57344K), 6 survivors (6144K)
 Metaspace       used 68288K, capacity 69017K, committed 69276K, reserved 1110016K
  class space    used 8676K, capacity 8919K, committed 8940K, reserved 1048576K
}
Event: 30.992 GC heap after
{Heap after GC invocations=34 (full 0):
 garbage-first heap   total 96256K, used 29849K [0x0000000089c00000, 0x0000000100000000)
  region size 1024K, 5 young (5120K), 5 survivors (5120K)
 Metaspace       used 68288K, capacity 69017K, committed 69276K, reserved 1110016K
  class space    used 8676K, capacity 8919K, committed 8940K, reserved 1048576K
}
Event: 186.533 GC heap before
{Heap before GC invocations=34 (full 0):
 garbage-first heap   total 96256K, used 76953K [0x0000000089c00000, 0x0000000100000000)
  region size 1024K, 52 young (53248K), 5 survivors (5120K)
 Metaspace       used 71854K, capacity 72615K, committed 72860K, reserved 1112064K
  class space    used 9139K, capacity 9386K, committed 9452K, reserved 1048576K
}
Event: 186.556 GC heap after
{Heap after GC invocations=35 (full 0):
 garbage-first heap   total 96256K, used 30624K [0x0000000089c00000, 0x0000000100000000)
  region size 1024K, 4 young (4096K), 4 survivors (4096K)
 Metaspace       used 71854K, capacity 72615K, committed 72860K, reserved 1112064K
  class space    used 9139K, capacity 9386K, committed 9452K, reserved 1048576K
}

Deoptimization events (20 events):
Event: 37.557 Thread 0x000001f83373d680 DEOPT PACKING pc=0x000001f819ef6bdc sp=0x00000005b3efc8d0
Event: 37.557 Thread 0x000001f83373d680 DEOPT UNPACKING pc=0x000001f81972df3f sp=0x00000005b3efbd68 mode 1
Event: 37.557 Thread 0x000001f83373d680 DEOPT PACKING pc=0x000001f819eee2fc sp=0x00000005b3efc9a0
Event: 37.557 Thread 0x000001f83373d680 DEOPT UNPACKING pc=0x000001f81972df3f sp=0x00000005b3efbe58 mode 1
Event: 37.557 Thread 0x000001f83373d680 DEOPT PACKING pc=0x000001f819e992d4 sp=0x00000005b3efd3b0
Event: 37.557 Thread 0x000001f83373d680 DEOPT UNPACKING pc=0x000001f81972df3f sp=0x00000005b3efc8a0 mode 1
Event: 37.588 Thread 0x000001f83373d680 DEOPT PACKING pc=0x000001f81a41d40c sp=0x00000005b3efdb50
Event: 37.588 Thread 0x000001f83373d680 DEOPT UNPACKING pc=0x000001f81972df3f sp=0x00000005b3efd078 mode 0
Event: 37.592 Thread 0x000001f83373d680 DEOPT PACKING pc=0x000001f819ef6bdc sp=0x00000005b3efc840
Event: 37.592 Thread 0x000001f83373d680 DEOPT UNPACKING pc=0x000001f81972df3f sp=0x00000005b3efbcd8 mode 1
Event: 37.592 Thread 0x000001f83373d680 DEOPT PACKING pc=0x000001f819eee2fc sp=0x00000005b3efc910
Event: 37.592 Thread 0x000001f83373d680 DEOPT UNPACKING pc=0x000001f81972df3f sp=0x00000005b3efbdc8 mode 1
Event: 37.592 Thread 0x000001f83373d680 DEOPT PACKING pc=0x000001f819e992d4 sp=0x00000005b3efd320
Event: 37.592 Thread 0x000001f83373d680 DEOPT UNPACKING pc=0x000001f81972df3f sp=0x00000005b3efc810 mode 1
Event: 37.592 Thread 0x000001f83373d680 DEOPT PACKING pc=0x000001f819ef6bdc sp=0x00000005b3efc840
Event: 37.592 Thread 0x000001f83373d680 DEOPT UNPACKING pc=0x000001f81972df3f sp=0x00000005b3efbcd8 mode 1
Event: 37.592 Thread 0x000001f83373d680 DEOPT PACKING pc=0x000001f819eee2fc sp=0x00000005b3efc910
Event: 37.592 Thread 0x000001f83373d680 DEOPT UNPACKING pc=0x000001f81972df3f sp=0x00000005b3efbdc8 mode 1
Event: 37.592 Thread 0x000001f83373d680 DEOPT PACKING pc=0x000001f819e992d4 sp=0x00000005b3efd320
Event: 37.592 Thread 0x000001f83373d680 DEOPT UNPACKING pc=0x000001f81972df3f sp=0x00000005b3efc810 mode 1

Classes unloaded (0 events):
No events

Classes redefined (1 events):
Event: 387.742 Thread 0x000001f82ed22280 redefined class name=com.olva.eser.job.execute.JobWsPagoEser, count=1

Internal exceptions (20 events):
Event: 28.616 Thread 0x000001f830ea8fb0 Exception <a 'java/lang/ClassNotFoundException'{0x000000008f2e70a8}: org/springframework/web/servlet/config/annotation/DelegatingWebMvcConfigurationCustomizer> (0x000000008f2e70a8) 
thrown [./open/src/hotspot/share/classfile/systemDictionary.cpp, line 295]
Event: 28.620 Thread 0x000001f830ea8fb0 Exception <a 'java/lang/ClassNotFoundException'{0x000000008f2f0808}: org/springframework/boot/autoconfigure/web/servlet/WebMvcAutoConfiguration$EnableWebMvcConfigurationCustomizer> (0x000000008f2f0808) 
thrown [./open/src/hotspot/share/classfile/systemDictionary.cpp, line 295]
Event: 28.629 Thread 0x000001f830ea8fb0 Exception <a 'java/lang/ClassNotFoundException'{0x000000008f104a50}: org/springframework/context/ResourceLoaderAwareCustomizer> (0x000000008f104a50) 
thrown [./open/src/hotspot/share/classfile/systemDictionary.cpp, line 295]
Event: 28.631 Thread 0x000001f830ea8fb0 Exception <a 'java/lang/ClassNotFoundException'{0x000000008f109cb8}: org/springframework/beans/factory/AwareCustomizer> (0x000000008f109cb8) 
thrown [./open/src/hotspot/share/classfile/systemDictionary.cpp, line 295]
Event: 28.633 Thread 0x000001f830ea8fb0 Exception <a 'java/lang/ClassNotFoundException'{0x000000008f10e368}: org/springframework/context/ApplicationContextAwareCustomizer> (0x000000008f10e368) 
thrown [./open/src/hotspot/share/classfile/systemDictionary.cpp, line 295]
Event: 28.636 Thread 0x000001f830ea8fb0 Exception <a 'java/lang/ClassNotFoundException'{0x000000008f1141a0}: org/springframework/beans/factory/AwareCustomizer> (0x000000008f1141a0) 
thrown [./open/src/hotspot/share/classfile/systemDictionary.cpp, line 295]
Event: 28.642 Thread 0x000001f830ea8fb0 Exception <a 'java/lang/ClassNotFoundException'{0x000000008f118828}: org/springframework/web/context/ServletContextAwareCustomizer> (0x000000008f118828) 
thrown [./open/src/hotspot/share/classfile/systemDictionary.cpp, line 295]
Event: 28.644 Thread 0x000001f830ea8fb0 Exception <a 'java/lang/ClassNotFoundException'{0x000000008f11dee8}: org/springframework/beans/factory/AwareCustomizer> (0x000000008f11dee8) 
thrown [./open/src/hotspot/share/classfile/systemDictionary.cpp, line 295]
Event: 29.369 Thread 0x000001f830ea8fb0 Exception <a 'java/lang/NoSuchMethodError'{0x000000008e65d640}: 'void java.lang.invoke.DirectMethodHandle$Holder.invokeVirtual(java.lang.Object, java.lang.Object, int)'> (0x000000008e65d640) 
thrown [./open/src/hotspot/share/interpreter/linkResolver.cpp, line 782]
Event: 29.380 Thread 0x000001f830ea8fb0 Exception <a 'java/lang/NoSuchMethodError'{0x000000008e6796c8}: 'void java.lang.invoke.DirectMethodHandle$Holder.invokeVirtual(java.lang.Object, java.lang.Object, long)'> (0x000000008e6796c8) 
thrown [./open/src/hotspot/share/interpreter/linkResolver.cpp, line 782]
Event: 29.911 Thread 0x000001f830ea8fb0 Exception <a 'java/lang/IncompatibleClassChangeError'{0x000000008da64670}: Found class java.lang.Object, but interface was expected> (0x000000008da64670) 
thrown [./open/src/hotspot/share/interpreter/linkResolver.cpp, line 848]
Event: 30.635 Thread 0x000001f830ea8fb0 Exception <a 'java/lang/NoSuchMethodError'{0x000000008cef18f8}: 'java.lang.Object java.lang.invoke.DirectMethodHandle$Holder.invokeSpecial(java.lang.Object, java.lang.Object, int, java.lang.Object, int, java.lang.Object)'> (0x000000008cef18f8) 
thrown [./open/src/hotspot/share/interpreter/linkResolver.cpp, line 782]
Event: 30.636 Thread 0x000001f830ea8fb0 Exception <a 'java/lang/NoSuchMethodError'{0x000000008cefa388}: 'java.lang.Object java.lang.invoke.DirectMethodHandle$Holder.newInvokeSpecial(java.lang.Object, java.lang.Object, int, java.lang.Object, int)'> (0x000000008cefa388) 
thrown [./open/src/hotspot/share/interpreter/linkResolver.cpp, line 782]
Event: 30.637 Thread 0x000001f830ea8fb0 Exception <a 'java/lang/NoSuchMethodError'{0x000000008cefe598}: 'java.lang.Object java.lang.invoke.DirectMethodHandle$Holder.invokeSpecial(java.lang.Object, java.lang.Object, java.lang.Object, int, java.lang.Object, int)'> (0x000000008cefe598) 
thrown [./open/src/hotspot/share/interpreter/linkResolver.cpp, line 782]
Event: 30.643 Thread 0x000001f830ea8fb0 Exception <a 'java/lang/NoSuchMethodError'{0x000000008cd0e428}: 'void java.lang.invoke.DirectMethodHandle$Holder.invokeVirtual(java.lang.Object, java.lang.Object)'> (0x000000008cd0e428) 
thrown [./open/src/hotspot/share/interpreter/linkResolver.cpp, line 782]
Event: 37.597 Thread 0x000001f83373d680 Exception <a 'java/lang/NoSuchMethodError'{0x000000008ed18a50}: 'java.lang.Object java.lang.invoke.DirectMethodHandle$Holder.invokeStaticInit(java.lang.Object, java.lang.Object, java.lang.Object, java.lang.Object, java.lang.Object, java.lang.Object)'> (0x000000008ed18a50) 
thrown [./open/src/hotspot/share/interpreter/linkResolver.cpp, line 782]
Event: 145.241 Thread 0x000001f83373d680 Exception <a 'java/lang/NoSuchMethodError'{0x000000008d4d2ce0}: 'java.lang.Object java.lang.invoke.DirectMethodHandle$Holder.invokeInterface(java.lang.Object, java.lang.Object, java.lang.Object, java.lang.Object)'> (0x000000008d4d2ce0) 
thrown [./open/src/hotspot/share/interpreter/linkResolver.cpp, line 782]
Event: 178.271 Thread 0x000001f83373d680 Exception <a 'java/lang/ClassNotFoundException'{0x000000008cdb8270}: java/lang/ObjectCustomizer> (0x000000008cdb8270) 
thrown [./open/src/hotspot/share/classfile/systemDictionary.cpp, line 295]
Event: 178.439 Thread 0x000001f83373d680 Exception <a 'java/lang/ClassNotFoundException'{0x000000008cdc1560}: com/olva/eser/entity/ComprobantePagoCustomizer> (0x000000008cdc1560) 
thrown [./open/src/hotspot/share/classfile/systemDictionary.cpp, line 295]
Event: 186.939 Thread 0x000001f83373d680 Exception <a 'java/lang/NullPointerException'{0x0000000092ba8e60}> (0x0000000092ba8e60) 
thrown [./open/src/hotspot/share/interpreter/linkResolver.cpp, line 1374]

Events (20 events):
Event: 387.982 Executing VM operation: GetFrameLocation
Event: 387.982 Executing VM operation: GetFrameLocation done
Event: 387.982 Executing VM operation: get/set locals
Event: 387.983 Executing VM operation: get/set locals done
Event: 387.991 Executing VM operation: GetObjectMonitorUsage
Event: 387.991 Executing VM operation: GetObjectMonitorUsage done
Event: 387.999 Executing VM operation: ChangeSingleStep
Event: 387.999 Executing VM operation: ChangeSingleStep done
Event: 387.999 Executing VM operation: GetObjectMonitorUsage
Event: 387.999 Executing VM operation: GetObjectMonitorUsage done
Event: 388.012 Executing VM operation: GetFrameCount
Event: 388.012 Executing VM operation: GetFrameCount done
Event: 388.016 Executing VM operation: GetFrameCount
Event: 388.016 Executing VM operation: GetFrameCount done
Event: 388.016 Executing VM operation: GetStackTrace
Event: 388.017 Executing VM operation: GetStackTrace done
Event: 388.032 Executing VM operation: GetFrameCount
Event: 388.032 Executing VM operation: GetFrameCount done
Event: 388.310 Executing VM operation: GetFrameLocation
Event: 388.310 Executing VM operation: GetFrameLocation done


Dynamic libraries:
0x00007ff713730000 - 0x00007ff71373d000 	E:\new_programa\sts-4.10.0.RELEASE\plugins\org.eclipse.justj.openjdk.hotspot.jre.full.win32.x86_64_15.0.2.v20210201-0955\jre\bin\javaw.exe
0x00007ffe54950000 - 0x00007ffe54b45000 	C:\WINDOWS\SYSTEM32\ntdll.dll
0x00007ffe53910000 - 0x00007ffe539cd000 	C:\WINDOWS\System32\KERNEL32.DLL
0x00007ffe52220000 - 0x00007ffe524e8000 	C:\WINDOWS\System32\KERNELBASE.dll
0x00007ffe525a0000 - 0x00007ffe526a0000 	C:\WINDOWS\System32\ucrtbase.dll
0x00007ffe45120000 - 0x00007ffe45138000 	E:\new_programa\sts-4.10.0.RELEASE\plugins\org.eclipse.justj.openjdk.hotspot.jre.full.win32.x86_64_15.0.2.v20210201-0955\jre\bin\jli.dll
0x00007ffe53b70000 - 0x00007ffe53d10000 	C:\WINDOWS\System32\USER32.dll
0x00007ffe528e0000 - 0x00007ffe52902000 	C:\WINDOWS\System32\win32u.dll
0x00007ffe54870000 - 0x00007ffe5489a000 	C:\WINDOWS\System32\GDI32.dll
0x00007ffe520c0000 - 0x00007ffe521cb000 	C:\WINDOWS\System32\gdi32full.dll
0x00007ffe52910000 - 0x00007ffe529ad000 	C:\WINDOWS\System32\msvcp_win.dll
0x00007ffe46c90000 - 0x00007ffe46ca9000 	E:\new_programa\sts-4.10.0.RELEASE\plugins\org.eclipse.justj.openjdk.hotspot.jre.full.win32.x86_64_15.0.2.v20210201-0955\jre\bin\VCRUNTIME140.dll
0x00007ffe44010000 - 0x00007ffe442aa000 	C:\WINDOWS\WinSxS\amd64_microsoft.windows.common-controls_6595b64144ccf1df_6.0.19041.844_none_ca00b6081b84eb1d\COMCTL32.dll
0x00007ffe532a0000 - 0x00007ffe5333e000 	C:\WINDOWS\System32\msvcrt.dll
0x00007ffe54840000 - 0x00007ffe54870000 	C:\WINDOWS\System32\IMM32.DLL
0x00007ffe49a80000 - 0x00007ffe49a8c000 	E:\new_programa\sts-4.10.0.RELEASE\plugins\org.eclipse.justj.openjdk.hotspot.jre.full.win32.x86_64_15.0.2.v20210201-0955\jre\bin\vcruntime140_1.dll
0x00007ffe28590000 - 0x00007ffe28621000 	E:\new_programa\sts-4.10.0.RELEASE\plugins\org.eclipse.justj.openjdk.hotspot.jre.full.win32.x86_64_15.0.2.v20210201-0955\jre\bin\msvcp140.dll
0x00007ffe0a500000 - 0x00007ffe0b05e000 	E:\new_programa\sts-4.10.0.RELEASE\plugins\org.eclipse.justj.openjdk.hotspot.jre.full.win32.x86_64_15.0.2.v20210201-0955\jre\bin\server\jvm.dll
0x00007ffe53a30000 - 0x00007ffe53adc000 	C:\WINDOWS\System32\ADVAPI32.dll
0x00007ffe533f0000 - 0x00007ffe5348b000 	C:\WINDOWS\System32\sechost.dll
0x00007ffe544b0000 - 0x00007ffe545db000 	C:\WINDOWS\System32\RPCRT4.dll
0x00007ffe54900000 - 0x00007ffe54908000 	C:\WINDOWS\System32\PSAPI.DLL
0x00007ffe31640000 - 0x00007ffe31649000 	C:\WINDOWS\SYSTEM32\WSOCK32.dll
0x00007ffe53d10000 - 0x00007ffe53d7b000 	C:\WINDOWS\System32\WS2_32.dll
0x00007ffe4b660000 - 0x00007ffe4b687000 	C:\WINDOWS\SYSTEM32\WINMM.dll
0x00007ffe4b690000 - 0x00007ffe4b69a000 	C:\WINDOWS\SYSTEM32\VERSION.dll
0x00007ffe4ffe0000 - 0x00007ffe4fff2000 	C:\WINDOWS\SYSTEM32\kernel.appcore.dll
0x00007ffe49990000 - 0x00007ffe4999a000 	E:\new_programa\sts-4.10.0.RELEASE\plugins\org.eclipse.justj.openjdk.hotspot.jre.full.win32.x86_64_15.0.2.v20210201-0955\jre\bin\jimage.dll
0x00007ffe3e2a0000 - 0x00007ffe3e484000 	C:\WINDOWS\SYSTEM32\DBGHELP.DLL
0x00007ffe3df40000 - 0x00007ffe3df6c000 	C:\WINDOWS\SYSTEM32\dbgcore.DLL
0x00007ffe52860000 - 0x00007ffe528e0000 	C:\WINDOWS\System32\bcryptPrimitives.dll
0x00007ffe46c10000 - 0x00007ffe46c49000 	E:\new_programa\sts-4.10.0.RELEASE\plugins\org.eclipse.justj.openjdk.hotspot.jre.full.win32.x86_64_15.0.2.v20210201-0955\jre\bin\jdwp.dll
0x00007ffe45630000 - 0x00007ffe4563e000 	E:\new_programa\sts-4.10.0.RELEASE\plugins\org.eclipse.justj.openjdk.hotspot.jre.full.win32.x86_64_15.0.2.v20210201-0955\jre\bin\instrument.dll
0x00007ffe43870000 - 0x00007ffe43895000 	E:\new_programa\sts-4.10.0.RELEASE\plugins\org.eclipse.justj.openjdk.hotspot.jre.full.win32.x86_64_15.0.2.v20210201-0955\jre\bin\java.dll
0x00007ffe43850000 - 0x00007ffe43868000 	E:\new_programa\sts-4.10.0.RELEASE\plugins\org.eclipse.justj.openjdk.hotspot.jre.full.win32.x86_64_15.0.2.v20210201-0955\jre\bin\zip.dll
0x00007ffe52ad0000 - 0x00007ffe53212000 	C:\WINDOWS\System32\SHELL32.dll
0x00007ffe501e0000 - 0x00007ffe50970000 	C:\WINDOWS\SYSTEM32\windows.storage.dll
0x00007ffe53e40000 - 0x00007ffe54195000 	C:\WINDOWS\System32\combase.dll
0x00007ffe51a90000 - 0x00007ffe51abc000 	C:\WINDOWS\SYSTEM32\Wldp.dll
0x00007ffe53340000 - 0x00007ffe533ee000 	C:\WINDOWS\System32\SHCORE.dll
0x00007ffe54350000 - 0x00007ffe543a5000 	C:\WINDOWS\System32\shlwapi.dll
0x00007ffe51fd0000 - 0x00007ffe51fef000 	C:\WINDOWS\SYSTEM32\profapi.dll
0x00007ffe4b8c0000 - 0x00007ffe4b8cb000 	E:\new_programa\sts-4.10.0.RELEASE\plugins\org.eclipse.justj.openjdk.hotspot.jre.full.win32.x86_64_15.0.2.v20210201-0955\jre\bin\dt_socket.dll
0x00007ffe51490000 - 0x00007ffe514cb000 	C:\WINDOWS\SYSTEM32\IPHLPAPI.DLL
0x00007ffe517a0000 - 0x00007ffe5180a000 	C:\WINDOWS\system32\mswsock.dll
0x00007ffe514d0000 - 0x00007ffe5159c000 	C:\WINDOWS\SYSTEM32\DNSAPI.dll
0x00007ffe53490000 - 0x00007ffe53498000 	C:\WINDOWS\System32\NSI.dll
0x00007ffe41480000 - 0x00007ffe4148a000 	C:\Windows\System32\rasadhlp.dll
0x00007ffe417d0000 - 0x00007ffe4184f000 	C:\WINDOWS\System32\fwpuclnt.dll
0x00007ffe52090000 - 0x00007ffe520b7000 	C:\WINDOWS\System32\bcrypt.dll
0x00007ffe42bb0000 - 0x00007ffe42bc9000 	E:\new_programa\sts-4.10.0.RELEASE\plugins\org.eclipse.justj.openjdk.hotspot.jre.full.win32.x86_64_15.0.2.v20210201-0955\jre\bin\net.dll
0x00007ffe43e20000 - 0x00007ffe43f2b000 	C:\WINDOWS\SYSTEM32\WINHTTP.dll
0x00007ffe29020000 - 0x00007ffe29032000 	E:\new_programa\sts-4.10.0.RELEASE\plugins\org.eclipse.justj.openjdk.hotspot.jre.full.win32.x86_64_15.0.2.v20210201-0955\jre\bin\nio.dll
0x00007ffe46c80000 - 0x00007ffe46c89000 	E:\new_programa\sts-4.10.0.RELEASE\plugins\org.eclipse.justj.openjdk.hotspot.jre.full.win32.x86_64_15.0.2.v20210201-0955\jre\bin\management.dll
0x00007ffe46c70000 - 0x00007ffe46c7b000 	E:\new_programa\sts-4.10.0.RELEASE\plugins\org.eclipse.justj.openjdk.hotspot.jre.full.win32.x86_64_15.0.2.v20210201-0955\jre\bin\management_ext.dll
0x00007ffe3ed10000 - 0x00007ffe3ed27000 	C:\WINDOWS\system32\napinsp.dll
0x00007ffe3ecf0000 - 0x00007ffe3ed0b000 	C:\WINDOWS\system32\pnrpnsp.dll
0x00007ffe3ecd0000 - 0x00007ffe3ece5000 	C:\WINDOWS\system32\wshbth.dll
0x00007ffe4b850000 - 0x00007ffe4b86d000 	C:\WINDOWS\system32\NLAapi.dll
0x00007ffe3ecb0000 - 0x00007ffe3ecc2000 	C:\WINDOWS\System32\winrnr.dll
0x00007ffe519d0000 - 0x00007ffe519e8000 	C:\WINDOWS\SYSTEM32\CRYPTSP.dll
0x00007ffe51140000 - 0x00007ffe51174000 	C:\WINDOWS\system32\rsaenh.dll
0x00007ffe51f90000 - 0x00007ffe51fbe000 	C:\WINDOWS\SYSTEM32\USERENV.dll
0x00007ffe519f0000 - 0x00007ffe519fc000 	C:\WINDOWS\SYSTEM32\CRYPTBASE.dll
0x00007ffe44670000 - 0x00007ffe44687000 	C:\WINDOWS\SYSTEM32\dhcpcsvc6.DLL
0x00007ffe44760000 - 0x00007ffe4477d000 	C:\WINDOWS\SYSTEM32\dhcpcsvc.DLL
0x00007ffe45620000 - 0x00007ffe45630000 	E:\new_programa\sts-4.10.0.RELEASE\plugins\org.eclipse.justj.openjdk.hotspot.jre.full.win32.x86_64_15.0.2.v20210201-0955\jre\bin\verify.dll

dbghelp: loaded successfully - version: 4.0.5 - missing functions: none
symbol engine: initialized successfully - sym options: 0x614 - pdb path: .;E:\new_programa\sts-4.10.0.RELEASE\plugins\org.eclipse.justj.openjdk.hotspot.jre.full.win32.x86_64_15.0.2.v20210201-0955\jre\bin;C:\WINDOWS\SYSTEM32;C:\WINDOWS\WinSxS\amd64_microsoft.windows.common-controls_6595b64144ccf1df_6.0.19041.844_none_ca00b6081b84eb1d;E:\new_programa\sts-4.10.0.RELEASE\plugins\org.eclipse.justj.openjdk.hotspot.jre.full.win32.x86_64_15.0.2.v20210201-0955\jre\bin\server

VM Arguments:
jvm_args: -XX:+ShowCodeDetailsInExceptionMessages -agentlib:jdwp=transport=dt_socket,suspend=y,address=localhost:50330 -Dcom.sun.management.jmxremote -Dcom.sun.management.jmxremote.port=50329 -Dcom.sun.management.jmxremote.authenticate=false -Dcom.sun.management.jmxremote.ssl=false -Djava.rmi.server.hostname=localhost -Dspring.jmx.enabled=true -Dspring.application.admin.enabled=true -XX:TieredStopAtLevel=1 -Dspring.boot.project.name=OlvaEser -javaagent:E:\new_programa\sts-4.10.0.RELEASE\configuration\org.eclipse.osgi\254\0\.cp\lib\javaagent-shaded.jar -Dfile.encoding=UTF-8 
java_command: com.olva.eser.OlvaEserApplication --spring.output.ansi.enabled=always
java_class_path (initial): F:\work\spring-pro\OlvaEser\target\classes;C:\Users\sopor\.m2\repository\org\springframework\boot\spring-boot-starter-data-jpa\2.4.5\spring-boot-starter-data-jpa-2.4.5.jar;C:\Users\sopor\.m2\repository\org\springframework\boot\spring-boot-starter-aop\2.4.5\spring-boot-starter-aop-2.4.5.jar;C:\Users\sopor\.m2\repository\org\springframework\spring-aop\5.3.6\spring-aop-5.3.6.jar;C:\Users\sopor\.m2\repository\org\aspectj\aspectjweaver\1.9.6\aspectjweaver-1.9.6.jar;C:\Users\sopor\.m2\repository\org\springframework\boot\spring-boot-starter-jdbc\2.4.5\spring-boot-starter-jdbc-2.4.5.jar;C:\Users\sopor\.m2\repository\com\zaxxer\HikariCP\3.4.5\HikariCP-3.4.5.jar;C:\Users\sopor\.m2\repository\org\springframework\spring-jdbc\5.3.6\spring-jdbc-5.3.6.jar;C:\Users\sopor\.m2\repository\jakarta\transaction\jakarta.transaction-api\1.3.3\jakarta.transaction-api-1.3.3.jar;C:\Users\sopor\.m2\repository\jakarta\persistence\jakarta.persistence-api\2.2.3\jakarta.persistence-api-2.2.3.jar;C:\Users\sopor\.m2\repository\org\hibernate\hibernate-core\5.4.30.Final\hibernate-core-5.4.30.Final.jar;C:\Users\sopor\.m2\repository\org\jboss\logging\jboss-logging\3.4.1.Final\jboss-logging-3.4.1.Final.jar;C:\Users\sopor\.m2\repository\org\javassist\javassist\3.27.0-GA\javassist-3.27.0-GA.jar;C:\Users\sopor\.m2\repository\net\bytebuddy\byte-buddy\1.10.22\byte-buddy-1.10.22.jar;C:\Users\sopor\.m2\repository\antlr\antlr\2.7.7\antlr-2.7.7.jar;C:\Users\sopor\.m2\repository\org\jboss\jandex\2.2.3.Final\jandex-2.2.3.Final.jar;C:\Users\sopor\.m2\repository\com\fasterxml\classmate\1.5.1\classmate-1.5.1.jar;C:\Users\sopor\.m2\repository\org\dom4j\dom4j\2.1.3\dom4j-2.1.3.jar;C:\Users\sopor\.m2\repository\org\hibernate\common\hibernate-commons-annotations\5.1.2.Final\hibernate-commons-annotations-5.1.2.Final.jar;C:\Users\sopor\.m2\repository\org\glassfish\jaxb\jaxb-runtime\2.3.4\jaxb-runtime-2.3.4.jar;C:\Users\sopor\.m2\repository\org\glassfish\jaxb\txw2\2.3.4\txw2-2.3.4.jar;C:\Users\so
Launcher Type: SUN_STANDARD

[Global flags]
     intx CICompilerCount                          = 2                                         {product} {ergonomic}
     uint ConcGCThreads                            = 1                                         {product} {ergonomic}
     uint G1ConcRefinementThreads                  = 2                                         {product} {ergonomic}
   size_t G1HeapRegionSize                         = 1048576                                   {product} {ergonomic}
    uintx GCDrainStackTargetSize                   = 64                                        {product} {ergonomic}
   size_t InitialHeapSize                          = 125829120                                 {product} {ergonomic}
     bool ManagementServer                         = true                                      {product} {command line}
   size_t MarkStackSize                            = 4194304                                   {product} {ergonomic}
   size_t MaxHeapSize                              = 1983905792                                {product} {ergonomic}
   size_t MaxNewSize                               = 1190133760                                {product} {ergonomic}
   size_t MinHeapDeltaBytes                        = 1048576                                   {product} {ergonomic}
   size_t MinHeapSize                              = 8388608                                   {product} {ergonomic}
    uintx NonNMethodCodeHeapSize                   = 6396312                                {pd product} {ergonomic}
    uintx NonProfiledCodeHeapSize                  = 245261928                              {pd product} {ergonomic}
    uintx ProfiledCodeHeapSize                     = 0                                      {pd product} {ergonomic}
    uintx ReservedCodeCacheSize                    = 251658240                              {pd product} {ergonomic}
     bool SegmentedCodeCache                       = true                                      {product} {ergonomic}
     bool ShowCodeDetailsInExceptionMessages       = true                                   {manageable} {command line}
   size_t SoftMaxHeapSize                          = 1983905792                             {manageable} {ergonomic}
     intx TieredStopAtLevel                        = 1                                         {product} {command line}
     bool UseCompressedClassPointers               = true                                 {lp64_product} {ergonomic}
     bool UseCompressedOops                        = true                                 {lp64_product} {ergonomic}
     bool UseG1GC                                  = true                                      {product} {ergonomic}
     bool UseLargePagesIndividualAllocation        = false                                  {pd product} {ergonomic}

Logging:
Log output configuration:
 #0: stdout all=warning uptime,level,tags
 #1: stderr all=off uptime,level,tags

Environment Variables:
PATH=E:\new_programa\sts-4.10.0.RELEASE\plugins\org.eclipse.justj.openjdk.hotspot.jre.full.win32.x86_64_15.0.2.v20210201-0955\jre\bin;E:/new_programa/sts-4.10.0.RELEASE//plugins/org.eclipse.justj.openjdk.hotspot.jre.full.win32.x86_64_15.0.2.v20210201-0955/jre/bin/server;E:/new_programa/sts-4.10.0.RELEASE//plugins/org.eclipse.justj.openjdk.hotspot.jre.full.win32.x86_64_15.0.2.v20210201-0955/jre/bin;C:\app\sopor\product\11.2.0\client_1\bin;C:\Program Files (x86)\Common Files\Oracle\Java\javapath;C:\Program Files\Common Files\Oracle\Java\javapath;C:\WINDOWS\system32;C:\WINDOWS;C:\WINDOWS\System32\Wbem;C:\WINDOWS\System32\WindowsPowerShell\v1.0\;C:\WINDOWS\System32\OpenSSH\;C:\Program Files\nodejs\;C:\Program Files\Microsoft SQL Server\Client SDK\ODBC\170\Tools\Binn\;C:\Program Files (x86)\Microsoft SQL Server\150\Tools\Binn\;C:\Program Files\Microsoft SQL Server\150\Tools\Binn\;C:\Program Files\Microsoft SQL Server\150\DTS\Binn\;C:\Program Files\Git\cmd;C:\Users\sopor\AppData\Local\Microsoft\WindowsApps;C:\Users\sopor\AppData\Roaming\npm;E:\SystemSecurity\Microsoft VS Code\bin;;E:\new_programa\sts-4.10.0.RELEASE;
USERNAME=sopor
OS=Windows_NT
PROCESSOR_IDENTIFIER=AMD64 Family 21 Model 112 Stepping 0, AuthenticAMD



---------------  S Y S T E M  ---------------

OS:
 Windows 10 , 64 bit Build 19041 (10.0.19041.928)
OS uptime: 0 days 1:42 hours

CPU: total 2 (initial active 2) (2 cores per cpu, 1 threads per core) family 21 model 112 stepping 0 microcode 0x0, cmov, cx8, fxsr, mmx, sse, sse2, sse3, ssse3, sse4.1, sse4.2, popcnt, vzeroupper, avx, avx2, aes, clmul, 3dnowpref, lzcnt, sse4a, tsc, tscinvbit, tscinv, bmi1, bmi2, fma, clflush

Memory: 4k page, system-wide physical 7567M (1278M free)
TotalPageFile size 12943M (AvailPageFile size 4223M)
current process WorkingSet (physical memory assigned to process): 246M, peak: 246M
current process commit charge ("private bytes"): 271M, peak: 271M

vm_info: OpenJDK 64-Bit Server VM (15.0.2+7-27) for windows-amd64 JRE (15.0.2+7-27), built on Dec  7 2020 20:02:38 by "mach5one" with unknown MS VC++:1925

END.
